[2.338s] Invoking command in '/home/robot/ws/src/robonejopy/build/robonejopy': PYTHONPATH=/home/robot/ws/src/robonejopy/build/robonejopy/prefix_override:/usr/lib/python3/dist-packages/colcon_core/task/python/colcon_distutils_commands:/home/robot/ws/src/robonejopy/install/robonejopy/lib/python3.10/site-packages:${PYTHONPATH} /usr/bin/python3 -W ignore:setup.py install is deprecated -W ignore:easy_install command is deprecated setup.py develop --editable --build-directory /home/robot/ws/src/robonejopy/build/robonejopy/build --no-deps symlink_data
[3.323s] running develop
[3.856s] running egg_info
[3.856s] writing robonejopy.egg-info/PKG-INFO
[3.858s] writing dependency_links to robonejopy.egg-info/dependency_links.txt
[3.859s] writing entry points to robonejopy.egg-info/entry_points.txt
[3.860s] writing requirements to robonejopy.egg-info/requires.txt
[3.861s] writing top-level names to robonejopy.egg-info/top_level.txt
[3.869s] reading manifest file 'robonejopy.egg-info/SOURCES.txt'
[3.873s] writing manifest file 'robonejopy.egg-info/SOURCES.txt'
[3.879s] running build_ext
[3.880s] Creating /home/robot/ws/src/robonejopy/install/robonejopy/lib/python3.10/site-packages/robonejopy.egg-link (link to .)
[3.884s] Installing ammonia_sensor_node script to /home/robot/ws/src/robonejopy/install/robonejopy/lib/robonejopy
[3.885s] Installing cameraPub script to /home/robot/ws/src/robonejopy/install/robonejopy/lib/robonejopy
[3.886s] Installing conducao script to /home/robot/ws/src/robonejopy/install/robonejopy/lib/robonejopy
[3.887s] Installing controleSerial script to /home/robot/ws/src/robonejopy/install/robonejopy/lib/robonejopy
[3.888s] Installing detectorSQLite script to /home/robot/ws/src/robonejopy/install/robonejopy/lib/robonejopy
[3.889s] Installing humidity_node script to /home/robot/ws/src/robonejopy/install/robonejopy/lib/robonejopy
[3.890s] Installing imu_node script to /home/robot/ws/src/robonejopy/install/robonejopy/lib/robonejopy
[3.890s] Installing lane_detector_node script to /home/robot/ws/src/robonejopy/install/robonejopy/lib/robonejopy
[3.892s] Installing seguidorCorredor script to /home/robot/ws/src/robonejopy/install/robonejopy/lib/robonejopy
[3.892s] Installing slam_node script to /home/robot/ws/src/robonejopy/install/robonejopy/lib/robonejopy
[3.893s] Installing temperature_sensor_node script to /home/robot/ws/src/robonejopy/install/robonejopy/lib/robonejopy
[3.895s] 
[3.895s] Installed /home/robot/ws/src/robonejopy/build/robonejopy
[3.895s] running symlink_data
[4.021s] Invoked command in '/home/robot/ws/src/robonejopy/build/robonejopy' returned '0': PYTHONPATH=/home/robot/ws/src/robonejopy/build/robonejopy/prefix_override:/usr/lib/python3/dist-packages/colcon_core/task/python/colcon_distutils_commands:/home/robot/ws/src/robonejopy/install/robonejopy/lib/python3.10/site-packages:${PYTHONPATH} /usr/bin/python3 -W ignore:setup.py install is deprecated -W ignore:easy_install command is deprecated setup.py develop --editable --build-directory /home/robot/ws/src/robonejopy/build/robonejopy/build --no-deps symlink_data
