[0.483s] DEBUG:colcon:Command line arguments: ['/usr/bin/colcon', 'build', '--symlink-install']
[0.484s] DEBUG:colcon:Parsed command line arguments: Namespace(log_base=None, log_level=None, verb_name='build', build_base='build', install_base='install', merge_install=False, symlink_install=True, test_result_base=None, continue_on_error=False, executor='parallel', parallel_workers=4, event_handlers=None, ignore_user_meta=False, metas=['./colcon.meta'], base_paths=['.'], packages_ignore=None, packages_ignore_regex=None, paths=None, packages_up_to=None, packages_up_to_regex=None, packages_above=None, packages_above_and_dependencies=None, packages_above_depth=None, packages_select_by_dep=None, packages_skip_by_dep=None, packages_skip_up_to=None, packages_select_build_failed=False, packages_skip_build_finished=False, packages_select_test_failures=False, packages_skip_test_passed=False, packages_select=None, packages_skip=None, packages_select_regex=None, packages_skip_regex=None, packages_start=None, packages_end=None, cmake_args=None, cmake_target=None, cmake_target_skip_unavailable=False, cmake_clean_cache=False, cmake_clean_first=False, cmake_force_configure=False, ament_cmake_args=None, catkin_cmake_args=None, catkin_skip_building_tests=False, mixin_files=None, mixin=None, verb_parser=<colcon_mixin.mixin.mixin_argument.MixinArgumentDecorator object at 0xffffa561e5f0>, verb_extension=<colcon_core.verb.build.BuildVerb object at 0xffffa561dbd0>, main=<bound method BuildVerb.main of <colcon_core.verb.build.BuildVerb object at 0xffffa561dbd0>>, mixin_verb=('build',))
[1.064s] Level 1:colcon.colcon_core.package_discovery:discover_packages(colcon_meta) check parameters
[1.067s] INFO:colcon.colcon_metadata.package_discovery.colcon_meta:Using configuration from '/root/.colcon/metadata/default/Gazebo.meta'
[1.069s] INFO:colcon.colcon_metadata.package_discovery.colcon_meta:Using configuration from '/root/.colcon/metadata/default/fastdds.meta'
[1.071s] INFO:colcon.colcon_metadata.package_discovery.colcon_meta:Using configuration from '/root/.colcon/metadata/default/fastrtps.meta'
[1.071s] Level 1:colcon.colcon_core.package_discovery:discover_packages(recursive) check parameters
[1.071s] Level 1:colcon.colcon_core.package_discovery:discover_packages(ignore) check parameters
[1.071s] Level 1:colcon.colcon_core.package_discovery:discover_packages(path) check parameters
[1.071s] Level 1:colcon.colcon_core.package_discovery:discover_packages(colcon_meta) discover
[1.072s] Level 1:colcon.colcon_core.package_discovery:discover_packages(recursive) discover
[1.072s] INFO:colcon.colcon_core.package_discovery:Crawling recursively for packages in '/home/robot/ws/src/robonejopy'
[1.072s] Level 1:colcon.colcon_core.package_identification:_identify(.) by extensions ['ignore', 'ignore_ament_install']
[1.073s] Level 1:colcon.colcon_core.package_identification:_identify(.) by extension 'ignore'
[1.073s] Level 1:colcon.colcon_core.package_identification:_identify(.) by extension 'ignore_ament_install'
[1.074s] Level 1:colcon.colcon_core.package_identification:_identify(.) by extensions ['colcon_pkg']
[1.074s] Level 1:colcon.colcon_core.package_identification:_identify(.) by extension 'colcon_pkg'
[1.074s] Level 1:colcon.colcon_core.package_identification:_identify(.) by extensions ['colcon_meta']
[1.074s] Level 1:colcon.colcon_core.package_identification:_identify(.) by extension 'colcon_meta'
[1.074s] Level 1:colcon.colcon_core.package_identification:_identify(.) by extensions ['ros']
[1.074s] Level 1:colcon.colcon_core.package_identification:_identify(.) by extension 'ros'
[1.127s] DEBUG:colcon.colcon_core.package_identification:Package '.' with type 'ros.ament_python' and name 'robonejopy'
[1.128s] Level 1:colcon.colcon_core.package_discovery:discover_packages(recursive) using defaults
[1.128s] Level 1:colcon.colcon_core.package_discovery:discover_packages(ignore) discover
[1.128s] Level 1:colcon.colcon_core.package_discovery:discover_packages(ignore) using defaults
[1.128s] Level 1:colcon.colcon_core.package_discovery:discover_packages(path) discover
[1.128s] Level 1:colcon.colcon_core.package_discovery:discover_packages(path) using defaults
[1.210s] Level 5:colcon.colcon_core.verb:set package 'robonejopy' build argument 'cmake_args' from command line to 'None'
[1.210s] Level 5:colcon.colcon_core.verb:set package 'robonejopy' build argument 'cmake_target' from command line to 'None'
[1.210s] Level 5:colcon.colcon_core.verb:set package 'robonejopy' build argument 'cmake_target_skip_unavailable' from command line to 'False'
[1.210s] Level 5:colcon.colcon_core.verb:set package 'robonejopy' build argument 'cmake_clean_cache' from command line to 'False'
[1.210s] Level 5:colcon.colcon_core.verb:set package 'robonejopy' build argument 'cmake_clean_first' from command line to 'False'
[1.210s] Level 5:colcon.colcon_core.verb:set package 'robonejopy' build argument 'cmake_force_configure' from command line to 'False'
[1.211s] Level 5:colcon.colcon_core.verb:set package 'robonejopy' build argument 'ament_cmake_args' from command line to 'None'
[1.211s] Level 5:colcon.colcon_core.verb:set package 'robonejopy' build argument 'catkin_cmake_args' from command line to 'None'
[1.211s] Level 5:colcon.colcon_core.verb:set package 'robonejopy' build argument 'catkin_skip_building_tests' from command line to 'False'
[1.211s] DEBUG:colcon.colcon_core.verb:Building package 'robonejopy' with the following arguments: {'ament_cmake_args': None, 'build_base': '/home/robot/ws/src/robonejopy/build/robonejopy', 'catkin_cmake_args': None, 'catkin_skip_building_tests': False, 'cmake_args': None, 'cmake_clean_cache': False, 'cmake_clean_first': False, 'cmake_force_configure': False, 'cmake_target': None, 'cmake_target_skip_unavailable': False, 'install_base': '/home/robot/ws/src/robonejopy/install/robonejopy', 'merge_install': False, 'path': '/home/robot/ws/src/robonejopy', 'symlink_install': True, 'test_result_base': None}
[1.212s] INFO:colcon.colcon_core.executor:Executing jobs using 'parallel' executor
[1.216s] DEBUG:colcon.colcon_parallel_executor.executor.parallel:run_until_complete
[1.217s] INFO:colcon.colcon_ros.task.ament_python.build:Building ROS package in '/home/robot/ws/src/robonejopy' with build type 'ament_python'
[1.218s] Level 1:colcon.colcon_core.shell:create_environment_hook('robonejopy', 'ament_prefix_path')
[1.229s] INFO:colcon.colcon_core.plugin_system:Skipping extension 'colcon_core.shell.bat': Not used on non-Windows systems
[1.231s] INFO:colcon.colcon_core.shell:Creating environment hook '/home/robot/ws/src/robonejopy/install/robonejopy/share/robonejopy/hook/ament_prefix_path.ps1'
[1.234s] INFO:colcon.colcon_core.shell:Creating environment descriptor '/home/robot/ws/src/robonejopy/install/robonejopy/share/robonejopy/hook/ament_prefix_path.dsv'
[1.249s] INFO:colcon.colcon_core.shell:Creating environment hook '/home/robot/ws/src/robonejopy/install/robonejopy/share/robonejopy/hook/ament_prefix_path.sh'
[1.258s] INFO:colcon.colcon_core.shell:Skip shell extension 'powershell' for command environment: Not usable outside of PowerShell
[1.259s] DEBUG:colcon.colcon_core.shell:Skip shell extension 'dsv' for command environment
[2.269s] INFO:colcon.colcon_core.task.python.build:Building Python package in '/home/robot/ws/src/robonejopy'
[2.270s] INFO:colcon.colcon_core.shell:Skip shell extension 'powershell' for command environment: Not usable outside of PowerShell
[2.270s] DEBUG:colcon.colcon_core.shell:Skip shell extension 'dsv' for command environment
[3.591s] DEBUG:colcon.colcon_core.event_handler.log_command:Invoking command in '/home/robot/ws/src/robonejopy/build/robonejopy': PYTHONPATH=/home/robot/ws/src/robonejopy/build/robonejopy/prefix_override:/usr/lib/python3/dist-packages/colcon_core/task/python/colcon_distutils_commands:/home/robot/ws/src/robonejopy/install/robonejopy/lib/python3.10/site-packages:${PYTHONPATH} /usr/bin/python3 -W ignore:setup.py install is deprecated -W ignore:easy_install command is deprecated setup.py develop --editable --build-directory /home/robot/ws/src/robonejopy/build/robonejopy/build --no-deps symlink_data
[5.263s] Level 1:colcon.colcon_core.shell:create_environment_hook('robonejopy', 'pythonpath_develop')
[5.264s] INFO:colcon.colcon_core.shell:Creating environment hook '/home/robot/ws/src/robonejopy/build/robonejopy/share/robonejopy/hook/pythonpath_develop.ps1'
[5.265s] DEBUG:colcon.colcon_core.event_handler.log_command:Invoked command in '/home/robot/ws/src/robonejopy/build/robonejopy' returned '0': PYTHONPATH=/home/robot/ws/src/robonejopy/build/robonejopy/prefix_override:/usr/lib/python3/dist-packages/colcon_core/task/python/colcon_distutils_commands:/home/robot/ws/src/robonejopy/install/robonejopy/lib/python3.10/site-packages:${PYTHONPATH} /usr/bin/python3 -W ignore:setup.py install is deprecated -W ignore:easy_install command is deprecated setup.py develop --editable --build-directory /home/robot/ws/src/robonejopy/build/robonejopy/build --no-deps symlink_data
[5.267s] INFO:colcon.colcon_core.shell:Creating environment descriptor '/home/robot/ws/src/robonejopy/build/robonejopy/share/robonejopy/hook/pythonpath_develop.dsv'
[5.269s] INFO:colcon.colcon_core.shell:Creating environment hook '/home/robot/ws/src/robonejopy/build/robonejopy/share/robonejopy/hook/pythonpath_develop.sh'
[5.285s] Level 1:colcon.colcon_core.environment:checking '/home/robot/ws/src/robonejopy/install/robonejopy' for CMake module files
[5.288s] Level 1:colcon.colcon_core.environment:checking '/home/robot/ws/src/robonejopy/install/robonejopy' for CMake config files
[5.292s] Level 1:colcon.colcon_core.environment:checking '/home/robot/ws/src/robonejopy/install/robonejopy/lib'
[5.293s] Level 1:colcon.colcon_core.environment:checking '/home/robot/ws/src/robonejopy/install/robonejopy/bin'
[5.293s] Level 1:colcon.colcon_core.environment:checking '/home/robot/ws/src/robonejopy/install/robonejopy/lib/pkgconfig/robonejopy.pc'
[5.294s] Level 1:colcon.colcon_core.environment:checking '/home/robot/ws/src/robonejopy/install/robonejopy/lib/python3.10/site-packages'
[5.294s] Level 1:colcon.colcon_core.shell:create_environment_hook('robonejopy', 'pythonpath')
[5.295s] INFO:colcon.colcon_core.shell:Creating environment hook '/home/robot/ws/src/robonejopy/install/robonejopy/share/robonejopy/hook/pythonpath.ps1'
[5.297s] INFO:colcon.colcon_core.shell:Creating environment descriptor '/home/robot/ws/src/robonejopy/install/robonejopy/share/robonejopy/hook/pythonpath.dsv'
[5.299s] INFO:colcon.colcon_core.shell:Creating environment hook '/home/robot/ws/src/robonejopy/install/robonejopy/share/robonejopy/hook/pythonpath.sh'
[5.302s] Level 1:colcon.colcon_core.environment:checking '/home/robot/ws/src/robonejopy/install/robonejopy/bin'
[5.303s] Level 1:colcon.colcon_core.environment:create_environment_scripts_only(robonejopy)
[5.304s] INFO:colcon.colcon_core.shell:Creating package script '/home/robot/ws/src/robonejopy/install/robonejopy/share/robonejopy/package.ps1'
[5.308s] INFO:colcon.colcon_core.shell:Creating package descriptor '/home/robot/ws/src/robonejopy/install/robonejopy/share/robonejopy/package.dsv'
[5.311s] INFO:colcon.colcon_core.shell:Creating package script '/home/robot/ws/src/robonejopy/install/robonejopy/share/robonejopy/package.sh'
[5.314s] INFO:colcon.colcon_core.shell:Creating package script '/home/robot/ws/src/robonejopy/install/robonejopy/share/robonejopy/package.bash'
[5.318s] INFO:colcon.colcon_core.shell:Creating package script '/home/robot/ws/src/robonejopy/install/robonejopy/share/robonejopy/package.zsh'
[5.321s] Level 1:colcon.colcon_core.environment:create_file_with_runtime_dependencies(/home/robot/ws/src/robonejopy/install/robonejopy/share/colcon-core/packages/robonejopy)
[5.323s] DEBUG:colcon.colcon_parallel_executor.executor.parallel:closing loop
[5.324s] DEBUG:colcon.colcon_parallel_executor.executor.parallel:loop closed
[5.324s] DEBUG:colcon.colcon_parallel_executor.executor.parallel:run_until_complete finished with '0'
[5.324s] DEBUG:colcon.colcon_core.event_reactor:joining thread
[5.348s] INFO:colcon.colcon_core.plugin_system:Skipping extension 'colcon_notification.desktop_notification.notify_send': Could not find 'notify-send'
[5.348s] INFO:colcon.colcon_core.plugin_system:Skipping extension 'colcon_notification.desktop_notification.terminal_notifier': Not used on non-Darwin systems
[5.349s] INFO:colcon.colcon_core.plugin_system:Skipping extension 'colcon_notification.desktop_notification.win32': Not used on non-Windows systems
[5.349s] INFO:colcon.colcon_notification.desktop_notification:Sending desktop notification using 'notify2'
[5.349s] DEBUG:colcon.colcon_notification.desktop_notification.notify2:Failed to initialize notify2: org.freedesktop.DBus.Error.NotSupported: Unable to autolaunch a dbus-daemon without a $DISPLAY for X11
[5.350s] DEBUG:colcon.colcon_core.event_reactor:joined thread
[5.351s] INFO:colcon.colcon_core.shell:Creating prefix script '/home/robot/ws/src/robonejopy/install/local_setup.ps1'
[5.355s] INFO:colcon.colcon_core.shell:Creating prefix util module '/home/robot/ws/src/robonejopy/install/_local_setup_util_ps1.py'
[5.361s] INFO:colcon.colcon_core.shell:Creating prefix chain script '/home/robot/ws/src/robonejopy/install/setup.ps1'
[5.365s] INFO:colcon.colcon_core.shell:Creating prefix script '/home/robot/ws/src/robonejopy/install/local_setup.sh'
[5.369s] INFO:colcon.colcon_core.shell:Creating prefix util module '/home/robot/ws/src/robonejopy/install/_local_setup_util_sh.py'
[5.372s] INFO:colcon.colcon_core.shell:Creating prefix chain script '/home/robot/ws/src/robonejopy/install/setup.sh'
[5.376s] INFO:colcon.colcon_core.shell:Creating prefix script '/home/robot/ws/src/robonejopy/install/local_setup.bash'
[5.379s] INFO:colcon.colcon_core.shell:Creating prefix chain script '/home/robot/ws/src/robonejopy/install/setup.bash'
[5.383s] INFO:colcon.colcon_core.shell:Creating prefix script '/home/robot/ws/src/robonejopy/install/local_setup.zsh'
[5.386s] INFO:colcon.colcon_core.shell:Creating prefix chain script '/home/robot/ws/src/robonejopy/install/setup.zsh'
