/home/robot/ws/src/robonejopy/install/robonejopy/lib/python3.10/site-packages/robonejopy/__init__.py
/home/robot/ws/src/robonejopy/install/robonejopy/lib/python3.10/site-packages/robonejopy/ammonia_sensor_node.py
/home/robot/ws/src/robonejopy/install/robonejopy/lib/python3.10/site-packages/robonejopy/detectorSQLite.py
/home/robot/ws/src/robonejopy/install/robonejopy/lib/python3.10/site-packages/robonejopy/temperature_sensor_node.py
/home/robot/ws/src/robonejopy/install/robonejopy/lib/python3.10/site-packages/robonejopy/controleSerial.py
/home/robot/ws/src/robonejopy/install/robonejopy/lib/python3.10/site-packages/robonejopy/slam_node0.py
/home/robot/ws/src/robonejopy/install/robonejopy/lib/python3.10/site-packages/robonejopy/seguidorCorredor.py
/home/robot/ws/src/robonejopy/install/robonejopy/lib/python3.10/site-packages/robonejopy/cameraPub.py
/home/robot/ws/src/robonejopy/install/robonejopy/lib/python3.10/site-packages/robonejopy/pose_publisher_node.py
/home/robot/ws/src/robonejopy/install/robonejopy/lib/python3.10/site-packages/robonejopy/humidity_node.py
/home/robot/ws/src/robonejopy/install/robonejopy/lib/python3.10/site-packages/robonejopy/imu_node.py
/home/robot/ws/src/robonejopy/install/robonejopy/lib/python3.10/site-packages/robonejopy/slam_node.py
/home/robot/ws/src/robonejopy/install/robonejopy/lib/python3.10/site-packages/robonejopy/detector.py
/home/robot/ws/src/robonejopy/install/robonejopy/lib/python3.10/site-packages/robonejopy/app.py
/home/robot/ws/src/robonejopy/install/robonejopy/lib/python3.10/site-packages/robonejopy/conducao.py
/home/robot/ws/src/robonejopy/install/robonejopy/lib/python3.10/site-packages/robonejopy/lane_detector_node.py
/home/robot/ws/src/robonejopy/install/robonejopy/lib/python3.10/site-packages/robonejopy/detectorCheck.py
/home/robot/ws/src/robonejopy/install/robonejopy/lib/python3.10/site-packages/robonejopy/lane_detection.py
/home/robot/ws/src/robonejopy/install/robonejopy/lib/python3.10/site-packages/robonejopy/__pycache__/__init__.cpython-310.pyc
/home/robot/ws/src/robonejopy/install/robonejopy/lib/python3.10/site-packages/robonejopy/__pycache__/ammonia_sensor_node.cpython-310.pyc
/home/robot/ws/src/robonejopy/install/robonejopy/lib/python3.10/site-packages/robonejopy/__pycache__/detectorSQLite.cpython-310.pyc
/home/robot/ws/src/robonejopy/install/robonejopy/lib/python3.10/site-packages/robonejopy/__pycache__/temperature_sensor_node.cpython-310.pyc
/home/robot/ws/src/robonejopy/install/robonejopy/lib/python3.10/site-packages/robonejopy/__pycache__/controleSerial.cpython-310.pyc
/home/robot/ws/src/robonejopy/install/robonejopy/lib/python3.10/site-packages/robonejopy/__pycache__/slam_node0.cpython-310.pyc
/home/robot/ws/src/robonejopy/install/robonejopy/lib/python3.10/site-packages/robonejopy/__pycache__/seguidorCorredor.cpython-310.pyc
/home/robot/ws/src/robonejopy/install/robonejopy/lib/python3.10/site-packages/robonejopy/__pycache__/cameraPub.cpython-310.pyc
/home/robot/ws/src/robonejopy/install/robonejopy/lib/python3.10/site-packages/robonejopy/__pycache__/pose_publisher_node.cpython-310.pyc
/home/robot/ws/src/robonejopy/install/robonejopy/lib/python3.10/site-packages/robonejopy/__pycache__/humidity_node.cpython-310.pyc
/home/robot/ws/src/robonejopy/install/robonejopy/lib/python3.10/site-packages/robonejopy/__pycache__/imu_node.cpython-310.pyc
/home/robot/ws/src/robonejopy/install/robonejopy/lib/python3.10/site-packages/robonejopy/__pycache__/slam_node.cpython-310.pyc
/home/robot/ws/src/robonejopy/install/robonejopy/lib/python3.10/site-packages/robonejopy/__pycache__/detector.cpython-310.pyc
/home/robot/ws/src/robonejopy/install/robonejopy/lib/python3.10/site-packages/robonejopy/__pycache__/app.cpython-310.pyc
/home/robot/ws/src/robonejopy/install/robonejopy/lib/python3.10/site-packages/robonejopy/__pycache__/conducao.cpython-310.pyc
/home/robot/ws/src/robonejopy/install/robonejopy/lib/python3.10/site-packages/robonejopy/__pycache__/lane_detector_node.cpython-310.pyc
/home/robot/ws/src/robonejopy/install/robonejopy/lib/python3.10/site-packages/robonejopy/__pycache__/detectorCheck.cpython-310.pyc
/home/robot/ws/src/robonejopy/install/robonejopy/lib/python3.10/site-packages/robonejopy/__pycache__/lane_detection.cpython-310.pyc
/home/robot/ws/src/robonejopy/install/robonejopy/share/ament_index/resource_index/packages/robonejopy
/home/robot/ws/src/robonejopy/install/robonejopy/share/robonejopy/package.xml
/home/robot/ws/src/robonejopy/install/robonejopy/lib/python3.10/site-packages/robonejopy-0.0.0-py3.10.egg-info/PKG-INFO
/home/robot/ws/src/robonejopy/install/robonejopy/lib/python3.10/site-packages/robonejopy-0.0.0-py3.10.egg-info/top_level.txt
/home/robot/ws/src/robonejopy/install/robonejopy/lib/python3.10/site-packages/robonejopy-0.0.0-py3.10.egg-info/SOURCES.txt
/home/robot/ws/src/robonejopy/install/robonejopy/lib/python3.10/site-packages/robonejopy-0.0.0-py3.10.egg-info/entry_points.txt
/home/robot/ws/src/robonejopy/install/robonejopy/lib/python3.10/site-packages/robonejopy-0.0.0-py3.10.egg-info/requires.txt
/home/robot/ws/src/robonejopy/install/robonejopy/lib/python3.10/site-packages/robonejopy-0.0.0-py3.10.egg-info/dependency_links.txt
/home/robot/ws/src/robonejopy/install/robonejopy/lib/python3.10/site-packages/robonejopy-0.0.0-py3.10.egg-info/zip-safe
/home/robot/ws/src/robonejopy/install/robonejopy/lib/robonejopy/ammonia_sensor_node
/home/robot/ws/src/robonejopy/install/robonejopy/lib/robonejopy/cameraPub
/home/robot/ws/src/robonejopy/install/robonejopy/lib/robonejopy/conducao
/home/robot/ws/src/robonejopy/install/robonejopy/lib/robonejopy/controleSerial
/home/robot/ws/src/robonejopy/install/robonejopy/lib/robonejopy/detectorSQLite
/home/robot/ws/src/robonejopy/install/robonejopy/lib/robonejopy/humidity_node
/home/robot/ws/src/robonejopy/install/robonejopy/lib/robonejopy/imu_node
/home/robot/ws/src/robonejopy/install/robonejopy/lib/robonejopy/lane_detector_node
/home/robot/ws/src/robonejopy/install/robonejopy/lib/robonejopy/pose_publisher_node
/home/robot/ws/src/robonejopy/install/robonejopy/lib/robonejopy/seguidorCorredor
/home/robot/ws/src/robonejopy/install/robonejopy/lib/robonejopy/slam_node
/home/robot/ws/src/robonejopy/install/robonejopy/lib/robonejopy/temperature_sensor_node
