[2.379s] Invoking command in '/home/robot/ws/src/robonejopy/build/robonejopy': PYTHONPATH=/home/robot/ws/src/robonejopy/build/robonejopy/prefix_override:/usr/lib/python3/dist-packages/colcon_core/task/python/colcon_distutils_commands:/home/robot/ws/src/robonejopy/install/robonejopy/lib/python3.10/site-packages:${PYTHONPATH} /usr/bin/python3 -W ignore:setup.py install is deprecated -W ignore:easy_install command is deprecated setup.py develop --editable --build-directory /home/robot/ws/src/robonejopy/build/robonejopy/build --no-deps symlink_data
[3.376s] running develop
[3.910s] running egg_info
[3.910s] writing robonejopy.egg-info/PKG-INFO
[3.911s] writing dependency_links to robonejopy.egg-info/dependency_links.txt
[3.913s] writing entry points to robonejopy.egg-info/entry_points.txt
[3.914s] writing requirements to robonejopy.egg-info/requires.txt
[3.915s] writing top-level names to robonejopy.egg-info/top_level.txt
[3.923s] reading manifest file 'robonejopy.egg-info/SOURCES.txt'
[3.928s] writing manifest file 'robonejopy.egg-info/SOURCES.txt'
[3.934s] running build_ext
[3.935s] Creating /home/robot/ws/src/robonejopy/install/robonejopy/lib/python3.10/site-packages/robonejopy.egg-link (link to .)
[3.940s] Installing ammonia_sensor_node script to /home/robot/ws/src/robonejopy/install/robonejopy/lib/robonejopy
[3.941s] Installing camCheck script to /home/robot/ws/src/robonejopy/install/robonejopy/lib/robonejopy
[3.942s] Installing cameraPub script to /home/robot/ws/src/robonejopy/install/robonejopy/lib/robonejopy
[3.942s] Installing conducao script to /home/robot/ws/src/robonejopy/install/robonejopy/lib/robonejopy
[3.943s] Installing controleSerial script to /home/robot/ws/src/robonejopy/install/robonejopy/lib/robonejopy
[3.944s] Installing detectorCheck script to /home/robot/ws/src/robonejopy/install/robonejopy/lib/robonejopy
[3.945s] Installing detectorSQLite script to /home/robot/ws/src/robonejopy/install/robonejopy/lib/robonejopy
[3.946s] Installing humidity_node script to /home/robot/ws/src/robonejopy/install/robonejopy/lib/robonejopy
[3.946s] Installing imu_node script to /home/robot/ws/src/robonejopy/install/robonejopy/lib/robonejopy
[3.947s] Installing lane_detector_node script to /home/robot/ws/src/robonejopy/install/robonejopy/lib/robonejopy
[3.948s] Installing navegacao script to /home/robot/ws/src/robonejopy/install/robonejopy/lib/robonejopy
[3.949s] Installing seguidorCorredor script to /home/robot/ws/src/robonejopy/install/robonejopy/lib/robonejopy
[3.950s] Installing slam_node script to /home/robot/ws/src/robonejopy/install/robonejopy/lib/robonejopy
[3.951s] Installing temperature_sensor_node script to /home/robot/ws/src/robonejopy/install/robonejopy/lib/robonejopy
[3.953s] 
[3.954s] Installed /home/robot/ws/src/robonejopy/build/robonejopy
[3.955s] running symlink_data
[4.081s] Invoked command in '/home/robot/ws/src/robonejopy/build/robonejopy' returned '0': PYTHONPATH=/home/robot/ws/src/robonejopy/build/robonejopy/prefix_override:/usr/lib/python3/dist-packages/colcon_core/task/python/colcon_distutils_commands:/home/robot/ws/src/robonejopy/install/robonejopy/lib/python3.10/site-packages:${PYTHONPATH} /usr/bin/python3 -W ignore:setup.py install is deprecated -W ignore:easy_install command is deprecated setup.py develop --editable --build-directory /home/robot/ws/src/robonejopy/build/robonejopy/build --no-deps symlink_data
