[0.762s] DEBUG:colcon:Command line arguments: ['/usr/bin/colcon', 'build', '--symlink-install']
[0.763s] DEBUG:colcon:Parsed command line arguments: Namespace(log_base=None, log_level=None, verb_name='build', build_base='build', install_base='install', merge_install=False, symlink_install=True, test_result_base=None, continue_on_error=False, executor='parallel', parallel_workers=4, event_handlers=None, ignore_user_meta=False, metas=['./colcon.meta'], base_paths=['.'], packages_ignore=None, packages_ignore_regex=None, paths=None, packages_up_to=None, packages_up_to_regex=None, packages_above=None, packages_above_and_dependencies=None, packages_above_depth=None, packages_select_by_dep=None, packages_skip_by_dep=None, packages_skip_up_to=None, packages_select_build_failed=False, packages_skip_build_finished=False, packages_select_test_failures=False, packages_skip_test_passed=False, packages_select=None, packages_skip=None, packages_select_regex=None, packages_skip_regex=None, packages_start=None, packages_end=None, cmake_args=None, cmake_target=None, cmake_target_skip_unavailable=False, cmake_clean_cache=False, cmake_clean_first=False, cmake_force_configure=False, ament_cmake_args=None, catkin_cmake_args=None, catkin_skip_building_tests=False, mixin_files=None, mixin=None, verb_parser=<colcon_mixin.mixin.mixin_argument.MixinArgumentDecorator object at 0xffffb6c7de40>, verb_extension=<colcon_core.verb.build.BuildVerb object at 0xffffb6c7d420>, main=<bound method BuildVerb.main of <colcon_core.verb.build.BuildVerb object at 0xffffb6c7d420>>, mixin_verb=('build',))
[1.665s] Level 1:colcon.colcon_core.package_discovery:discover_packages(colcon_meta) check parameters
[1.670s] INFO:colcon.colcon_metadata.package_discovery.colcon_meta:Using configuration from '/root/.colcon/metadata/default/Gazebo.meta'
[1.673s] INFO:colcon.colcon_metadata.package_discovery.colcon_meta:Using configuration from '/root/.colcon/metadata/default/fastdds.meta'
[1.676s] INFO:colcon.colcon_metadata.package_discovery.colcon_meta:Using configuration from '/root/.colcon/metadata/default/fastrtps.meta'
[1.676s] Level 1:colcon.colcon_core.package_discovery:discover_packages(recursive) check parameters
[1.677s] Level 1:colcon.colcon_core.package_discovery:discover_packages(ignore) check parameters
[1.677s] Level 1:colcon.colcon_core.package_discovery:discover_packages(path) check parameters
[1.677s] Level 1:colcon.colcon_core.package_discovery:discover_packages(colcon_meta) discover
[1.677s] Level 1:colcon.colcon_core.package_discovery:discover_packages(recursive) discover
[1.677s] INFO:colcon.colcon_core.package_discovery:Crawling recursively for packages in '/home/robot/ws/src/robonejopy'
[1.678s] Level 1:colcon.colcon_core.package_identification:_identify(.) by extensions ['ignore', 'ignore_ament_install']
[1.678s] Level 1:colcon.colcon_core.package_identification:_identify(.) by extension 'ignore'
[1.678s] Level 1:colcon.colcon_core.package_identification:_identify(.) by extension 'ignore_ament_install'
[1.679s] Level 1:colcon.colcon_core.package_identification:_identify(.) by extensions ['colcon_pkg']
[1.679s] Level 1:colcon.colcon_core.package_identification:_identify(.) by extension 'colcon_pkg'
[1.679s] Level 1:colcon.colcon_core.package_identification:_identify(.) by extensions ['colcon_meta']
[1.679s] Level 1:colcon.colcon_core.package_identification:_identify(.) by extension 'colcon_meta'
[1.680s] Level 1:colcon.colcon_core.package_identification:_identify(.) by extensions ['ros']
[1.680s] Level 1:colcon.colcon_core.package_identification:_identify(.) by extension 'ros'
[1.765s] DEBUG:colcon.colcon_core.package_identification:Package '.' with type 'ros.ament_python' and name 'robonejopy'
[1.765s] Level 1:colcon.colcon_core.package_discovery:discover_packages(recursive) using defaults
[1.766s] Level 1:colcon.colcon_core.package_discovery:discover_packages(ignore) discover
[1.766s] Level 1:colcon.colcon_core.package_discovery:discover_packages(ignore) using defaults
[1.766s] Level 1:colcon.colcon_core.package_discovery:discover_packages(path) discover
[1.766s] Level 1:colcon.colcon_core.package_discovery:discover_packages(path) using defaults
[1.904s] Level 5:colcon.colcon_core.verb:set package 'robonejopy' build argument 'cmake_args' from command line to 'None'
[1.904s] Level 5:colcon.colcon_core.verb:set package 'robonejopy' build argument 'cmake_target' from command line to 'None'
[1.904s] Level 5:colcon.colcon_core.verb:set package 'robonejopy' build argument 'cmake_target_skip_unavailable' from command line to 'False'
[1.904s] Level 5:colcon.colcon_core.verb:set package 'robonejopy' build argument 'cmake_clean_cache' from command line to 'False'
[1.905s] Level 5:colcon.colcon_core.verb:set package 'robonejopy' build argument 'cmake_clean_first' from command line to 'False'
[1.905s] Level 5:colcon.colcon_core.verb:set package 'robonejopy' build argument 'cmake_force_configure' from command line to 'False'
[1.905s] Level 5:colcon.colcon_core.verb:set package 'robonejopy' build argument 'ament_cmake_args' from command line to 'None'
[1.905s] Level 5:colcon.colcon_core.verb:set package 'robonejopy' build argument 'catkin_cmake_args' from command line to 'None'
[1.905s] Level 5:colcon.colcon_core.verb:set package 'robonejopy' build argument 'catkin_skip_building_tests' from command line to 'False'
[1.905s] DEBUG:colcon.colcon_core.verb:Building package 'robonejopy' with the following arguments: {'ament_cmake_args': None, 'build_base': '/home/robot/ws/src/robonejopy/build/robonejopy', 'catkin_cmake_args': None, 'catkin_skip_building_tests': False, 'cmake_args': None, 'cmake_clean_cache': False, 'cmake_clean_first': False, 'cmake_force_configure': False, 'cmake_target': None, 'cmake_target_skip_unavailable': False, 'install_base': '/home/robot/ws/src/robonejopy/install/robonejopy', 'merge_install': False, 'path': '/home/robot/ws/src/robonejopy', 'symlink_install': True, 'test_result_base': None}
[1.906s] INFO:colcon.colcon_core.executor:Executing jobs using 'parallel' executor
[1.910s] DEBUG:colcon.colcon_parallel_executor.executor.parallel:run_until_complete
[1.911s] INFO:colcon.colcon_ros.task.ament_python.build:Building ROS package in '/home/robot/ws/src/robonejopy' with build type 'ament_python'
[1.912s] Level 1:colcon.colcon_core.shell:create_environment_hook('robonejopy', 'ament_prefix_path')
[1.934s] INFO:colcon.colcon_core.plugin_system:Skipping extension 'colcon_core.shell.bat': Not used on non-Windows systems
[1.936s] INFO:colcon.colcon_core.shell:Creating environment hook '/home/robot/ws/src/robonejopy/install/robonejopy/share/robonejopy/hook/ament_prefix_path.ps1'
[1.941s] INFO:colcon.colcon_core.shell:Creating environment descriptor '/home/robot/ws/src/robonejopy/install/robonejopy/share/robonejopy/hook/ament_prefix_path.dsv'
[1.943s] INFO:colcon.colcon_core.shell:Creating environment hook '/home/robot/ws/src/robonejopy/install/robonejopy/share/robonejopy/hook/ament_prefix_path.sh'
[1.948s] INFO:colcon.colcon_core.shell:Skip shell extension 'powershell' for command environment: Not usable outside of PowerShell
[1.948s] DEBUG:colcon.colcon_core.shell:Skip shell extension 'dsv' for command environment
[2.955s] INFO:colcon.colcon_core.task.python.build:Building Python package in '/home/robot/ws/src/robonejopy'
[2.956s] INFO:colcon.colcon_core.shell:Skip shell extension 'powershell' for command environment: Not usable outside of PowerShell
[2.956s] DEBUG:colcon.colcon_core.shell:Skip shell extension 'dsv' for command environment
[4.436s] DEBUG:colcon.colcon_core.event_handler.log_command:Invoking command in '/home/robot/ws/src/robonejopy/build/robonejopy': PYTHONPATH=/home/robot/ws/src/robonejopy/build/robonejopy/prefix_override:/usr/lib/python3/dist-packages/colcon_core/task/python/colcon_distutils_commands:/home/robot/ws/src/robonejopy/install/robonejopy/lib/python3.10/site-packages:${PYTHONPATH} /usr/bin/python3 -W ignore:setup.py install is deprecated -W ignore:easy_install command is deprecated setup.py develop --editable --build-directory /home/robot/ws/src/robonejopy/build/robonejopy/build --no-deps symlink_data
[6.043s] Level 1:colcon.colcon_core.shell:create_environment_hook('robonejopy', 'pythonpath_develop')
[6.045s] INFO:colcon.colcon_core.shell:Creating environment hook '/home/robot/ws/src/robonejopy/build/robonejopy/share/robonejopy/hook/pythonpath_develop.ps1'
[6.046s] DEBUG:colcon.colcon_core.event_handler.log_command:Invoked command in '/home/robot/ws/src/robonejopy/build/robonejopy' returned '0': PYTHONPATH=/home/robot/ws/src/robonejopy/build/robonejopy/prefix_override:/usr/lib/python3/dist-packages/colcon_core/task/python/colcon_distutils_commands:/home/robot/ws/src/robonejopy/install/robonejopy/lib/python3.10/site-packages:${PYTHONPATH} /usr/bin/python3 -W ignore:setup.py install is deprecated -W ignore:easy_install command is deprecated setup.py develop --editable --build-directory /home/robot/ws/src/robonejopy/build/robonejopy/build --no-deps symlink_data
[6.048s] INFO:colcon.colcon_core.shell:Creating environment descriptor '/home/robot/ws/src/robonejopy/build/robonejopy/share/robonejopy/hook/pythonpath_develop.dsv'
[6.050s] INFO:colcon.colcon_core.shell:Creating environment hook '/home/robot/ws/src/robonejopy/build/robonejopy/share/robonejopy/hook/pythonpath_develop.sh'
[6.078s] Level 1:colcon.colcon_core.environment:checking '/home/robot/ws/src/robonejopy/install/robonejopy' for CMake module files
[6.082s] Level 1:colcon.colcon_core.environment:checking '/home/robot/ws/src/robonejopy/install/robonejopy' for CMake config files
[6.085s] Level 1:colcon.colcon_core.environment:checking '/home/robot/ws/src/robonejopy/install/robonejopy/lib'
[6.086s] Level 1:colcon.colcon_core.environment:checking '/home/robot/ws/src/robonejopy/install/robonejopy/bin'
[6.086s] Level 1:colcon.colcon_core.environment:checking '/home/robot/ws/src/robonejopy/install/robonejopy/lib/pkgconfig/robonejopy.pc'
[6.088s] Level 1:colcon.colcon_core.environment:checking '/home/robot/ws/src/robonejopy/install/robonejopy/lib/python3.10/site-packages'
[6.088s] Level 1:colcon.colcon_core.shell:create_environment_hook('robonejopy', 'pythonpath')
[6.089s] INFO:colcon.colcon_core.shell:Creating environment hook '/home/robot/ws/src/robonejopy/install/robonejopy/share/robonejopy/hook/pythonpath.ps1'
[6.091s] INFO:colcon.colcon_core.shell:Creating environment descriptor '/home/robot/ws/src/robonejopy/install/robonejopy/share/robonejopy/hook/pythonpath.dsv'
[6.093s] INFO:colcon.colcon_core.shell:Creating environment hook '/home/robot/ws/src/robonejopy/install/robonejopy/share/robonejopy/hook/pythonpath.sh'
[6.096s] Level 1:colcon.colcon_core.environment:checking '/home/robot/ws/src/robonejopy/install/robonejopy/bin'
[6.096s] Level 1:colcon.colcon_core.environment:create_environment_scripts_only(robonejopy)
[6.097s] INFO:colcon.colcon_core.shell:Creating package script '/home/robot/ws/src/robonejopy/install/robonejopy/share/robonejopy/package.ps1'
[6.102s] INFO:colcon.colcon_core.shell:Creating package descriptor '/home/robot/ws/src/robonejopy/install/robonejopy/share/robonejopy/package.dsv'
[6.105s] INFO:colcon.colcon_core.shell:Creating package script '/home/robot/ws/src/robonejopy/install/robonejopy/share/robonejopy/package.sh'
[6.109s] INFO:colcon.colcon_core.shell:Creating package script '/home/robot/ws/src/robonejopy/install/robonejopy/share/robonejopy/package.bash'
[6.114s] INFO:colcon.colcon_core.shell:Creating package script '/home/robot/ws/src/robonejopy/install/robonejopy/share/robonejopy/package.zsh'
[6.118s] Level 1:colcon.colcon_core.environment:create_file_with_runtime_dependencies(/home/robot/ws/src/robonejopy/install/robonejopy/share/colcon-core/packages/robonejopy)
[6.120s] DEBUG:colcon.colcon_parallel_executor.executor.parallel:closing loop
[6.121s] DEBUG:colcon.colcon_parallel_executor.executor.parallel:loop closed
[6.122s] DEBUG:colcon.colcon_parallel_executor.executor.parallel:run_until_complete finished with '0'
[6.122s] DEBUG:colcon.colcon_core.event_reactor:joining thread
[6.204s] INFO:colcon.colcon_core.plugin_system:Skipping extension 'colcon_notification.desktop_notification.notify_send': Could not find 'notify-send'
[6.205s] INFO:colcon.colcon_core.plugin_system:Skipping extension 'colcon_notification.desktop_notification.terminal_notifier': Not used on non-Darwin systems
[6.205s] INFO:colcon.colcon_core.plugin_system:Skipping extension 'colcon_notification.desktop_notification.win32': Not used on non-Windows systems
[6.205s] INFO:colcon.colcon_notification.desktop_notification:Sending desktop notification using 'notify2'
[6.206s] DEBUG:colcon.colcon_notification.desktop_notification.notify2:Failed to initialize notify2: org.freedesktop.DBus.Error.NotSupported: Unable to autolaunch a dbus-daemon without a $DISPLAY for X11
[6.206s] DEBUG:colcon.colcon_core.event_reactor:joined thread
[6.207s] INFO:colcon.colcon_core.shell:Creating prefix script '/home/robot/ws/src/robonejopy/install/local_setup.ps1'
[6.212s] INFO:colcon.colcon_core.shell:Creating prefix util module '/home/robot/ws/src/robonejopy/install/_local_setup_util_ps1.py'
[6.220s] INFO:colcon.colcon_core.shell:Creating prefix chain script '/home/robot/ws/src/robonejopy/install/setup.ps1'
[6.226s] INFO:colcon.colcon_core.shell:Creating prefix script '/home/robot/ws/src/robonejopy/install/local_setup.sh'
[6.230s] INFO:colcon.colcon_core.shell:Creating prefix util module '/home/robot/ws/src/robonejopy/install/_local_setup_util_sh.py'
[6.233s] INFO:colcon.colcon_core.shell:Creating prefix chain script '/home/robot/ws/src/robonejopy/install/setup.sh'
[6.238s] INFO:colcon.colcon_core.shell:Creating prefix script '/home/robot/ws/src/robonejopy/install/local_setup.bash'
[6.241s] INFO:colcon.colcon_core.shell:Creating prefix chain script '/home/robot/ws/src/robonejopy/install/setup.bash'
[6.246s] INFO:colcon.colcon_core.shell:Creating prefix script '/home/robot/ws/src/robonejopy/install/local_setup.zsh'
[6.249s] INFO:colcon.colcon_core.shell:Creating prefix chain script '/home/robot/ws/src/robonejopy/install/setup.zsh'
