[2.523s] Invoking command in '/home/robot/ws/src/robonejopy/build/robonejopy': PYTHONPATH=/home/robot/ws/src/robonejopy/build/robonejopy/prefix_override:/usr/lib/python3/dist-packages/colcon_core/task/python/colcon_distutils_commands:/home/robot/ws/src/robonejopy/install/robonejopy/lib/python3.10/site-packages:${PYTHONPATH} /usr/bin/python3 -W ignore:setup.py install is deprecated -W ignore:easy_install command is deprecated setup.py develop --editable --build-directory /home/robot/ws/src/robonejopy/build/robonejopy/build --no-deps symlink_data
[3.470s] running develop
[3.966s] running egg_info
[3.966s] creating robonejopy.egg-info
[3.967s] writing robonejopy.egg-info/PKG-INFO
[3.968s] writing dependency_links to robonejopy.egg-info/dependency_links.txt
[3.969s] writing entry points to robonejopy.egg-info/entry_points.txt
[3.969s] writing requirements to robonejopy.egg-info/requires.txt
[3.970s] writing top-level names to robonejopy.egg-info/top_level.txt
[3.971s] writing manifest file 'robonejopy.egg-info/SOURCES.txt'
[3.979s] reading manifest file 'robonejopy.egg-info/SOURCES.txt'
[3.982s] writing manifest file 'robonejopy.egg-info/SOURCES.txt'
[3.988s] running build_ext
[3.988s] Creating /home/robot/ws/src/robonejopy/install/robonejopy/lib/python3.10/site-packages/robonejopy.egg-link (link to .)
[3.992s] Installing ammonia_sensor_node script to /home/robot/ws/src/robonejopy/install/robonejopy/lib/robonejopy
[3.993s] Installing camCheck script to /home/robot/ws/src/robonejopy/install/robonejopy/lib/robonejopy
[3.994s] Installing cameraPub script to /home/robot/ws/src/robonejopy/install/robonejopy/lib/robonejopy
[3.995s] Installing conducao script to /home/robot/ws/src/robonejopy/install/robonejopy/lib/robonejopy
[3.996s] Installing controleSerial script to /home/robot/ws/src/robonejopy/install/robonejopy/lib/robonejopy
[3.997s] Installing detectorCheck script to /home/robot/ws/src/robonejopy/install/robonejopy/lib/robonejopy
[3.997s] Installing detectorSQLite script to /home/robot/ws/src/robonejopy/install/robonejopy/lib/robonejopy
[3.998s] Installing humidity_node script to /home/robot/ws/src/robonejopy/install/robonejopy/lib/robonejopy
[3.999s] Installing imu_node script to /home/robot/ws/src/robonejopy/install/robonejopy/lib/robonejopy
[3.999s] Installing lane_detector_node script to /home/robot/ws/src/robonejopy/install/robonejopy/lib/robonejopy
[4.000s] Installing navegacao script to /home/robot/ws/src/robonejopy/install/robonejopy/lib/robonejopy
[4.001s] Installing seguidorCorredor script to /home/robot/ws/src/robonejopy/install/robonejopy/lib/robonejopy
[4.002s] Installing slam_node script to /home/robot/ws/src/robonejopy/install/robonejopy/lib/robonejopy
[4.003s] Installing temperature_sensor_node script to /home/robot/ws/src/robonejopy/install/robonejopy/lib/robonejopy
[4.004s] 
[4.004s] Installed /home/robot/ws/src/robonejopy/build/robonejopy
[4.005s] running symlink_data
[4.006s] creating /home/robot/ws/src/robonejopy/install/robonejopy/share/ament_index
[4.006s] creating /home/robot/ws/src/robonejopy/install/robonejopy/share/ament_index/resource_index
[4.007s] creating /home/robot/ws/src/robonejopy/install/robonejopy/share/ament_index/resource_index/packages
[4.008s] symbolically linking /home/robot/ws/src/robonejopy/build/robonejopy/resource/robonejopy -> /home/robot/ws/src/robonejopy/install/robonejopy/share/ament_index/resource_index/packages
[4.008s] symbolically linking /home/robot/ws/src/robonejopy/build/robonejopy/package.xml -> /home/robot/ws/src/robonejopy/install/robonejopy/share/robonejopy
[4.132s] Invoked command in '/home/robot/ws/src/robonejopy/build/robonejopy' returned '0': PYTHONPATH=/home/robot/ws/src/robonejopy/build/robonejopy/prefix_override:/usr/lib/python3/dist-packages/colcon_core/task/python/colcon_distutils_commands:/home/robot/ws/src/robonejopy/install/robonejopy/lib/python3.10/site-packages:${PYTHONPATH} /usr/bin/python3 -W ignore:setup.py install is deprecated -W ignore:easy_install command is deprecated setup.py develop --editable --build-directory /home/robot/ws/src/robonejopy/build/robonejopy/build --no-deps symlink_data
